[ 2017-05-25T09:44:55+08:00 ] 127.0.0.1 /
INFO: [ app_init ] --START--
INFO: Run Behavior\BuildLiteBehavior [ RunTime:0.000000s ]
INFO: [ app_init ] --END-- [ RunTime:0.044003s ]
INFO: [ app_begin ] --START--
INFO: Run Behavior\ReadHtmlCacheBehavior [ RunTime:0.016001s ]
INFO: [ app_begin ] --END-- [ RunTime:0.016001s ]
NOTIC: [8] Undefined index: server E:\WWW\weichan\API\Common\Util\TpApi.class.php 第 28 行.
NOTIC: [8] Undefined index: model E:\WWW\weichan\API\Common\Util\TpApi.class.php 第 29 行.
INFO: [ view_parse ] --START--
INFO: [ template_filter ] --START--
INFO: Run Behavior\ContentReplaceBehavior [ RunTime:0.027002s ]
INFO: [ template_filter ] --END-- [ RunTime:0.027002s ]
INFO: Run Behavior\ParseTemplateBehavior [ RunTime:0.085005s ]
INFO: [ view_parse ] --END-- [ RunTime:0.085005s ]
INFO: [ view_filter ] --START--
INFO: Run Behavior\WriteHtmlCacheBehavior [ RunTime:0.022001s ]
INFO: [ view_filter ] --END-- [ RunTime:0.022001s ]
INFO: [ app_end ] --START--
INFO: Run Behavior\ShowPageTraceBehavior [ RunTime:0.034002s ]
INFO: [ app_end ] --END-- [ RunTime:0.034002s ]

