[ 2017-05-20T08:59:37+08:00 ] 127.0.0.1 /index.php/Home/ExaminationOption/getRow?optionId=eo000000uutk2jui
INFO: [ app_init ] --START--
INFO: Run Behavior\BuildLiteBehavior [ RunTime:0.000019s ]
INFO: [ app_init ] --END-- [ RunTime:0.045516s ]
INFO: [ app_begin ] --START--
INFO: Run Behavior\ReadHtmlCacheBehavior [ RunTime:0.017250s ]
INFO: [ app_begin ] --END-- [ RunTime:0.017322s ]
SQL: SHOW COLUMNS FROM `t_examination_option` [ RunTime:0.2239s ]
SQL: SELECT * FROM `t_examination_option` WHERE ( optionId='eo000000uutk2jui' AND old='0' ) LIMIT 1   [ RunTime:0.0350s ]
NOTIC: [8] Undefined index: optionAttrs D:\phpStudy\WWW\weichan\API\Home\Controller\ExaminationOptionController.class.php 第 76 行.

[ 2017-05-20T09:00:04+08:00 ] 127.0.0.1 /index.php/Home?optionId=eo000000uutk2jui
INFO: [ app_init ] --START--
INFO: Run Behavior\BuildLiteBehavior [ RunTime:0.000012s ]
INFO: [ app_init ] --END-- [ RunTime:0.000517s ]
INFO: [ app_begin ] --START--
INFO: Run Behavior\ReadHtmlCacheBehavior [ RunTime:0.000603s ]
INFO: [ app_begin ] --END-- [ RunTime:0.000651s ]
INFO: [ app_end ] --START--
INFO: Run Behavior\ShowPageTraceBehavior [ RunTime:0.025563s ]
INFO: [ app_end ] --END-- [ RunTime:0.025624s ]

[ 2017-05-20T09:00:13+08:00 ] 127.0.0.1 /index.php/Home?optionId=eo000000uutk2jui
INFO: [ app_init ] --START--
INFO: Run Behavior\BuildLiteBehavior [ RunTime:0.000017s ]
INFO: [ app_init ] --END-- [ RunTime:0.000792s ]
INFO: [ app_begin ] --START--
INFO: Run Behavior\ReadHtmlCacheBehavior [ RunTime:0.000723s ]
INFO: [ app_begin ] --END-- [ RunTime:0.000795s ]
INFO: [ app_end ] --START--
INFO: Run Behavior\ShowPageTraceBehavior [ RunTime:0.000672s ]
INFO: [ app_end ] --END-- [ RunTime:0.000758s ]

[ 2017-05-20T09:00:32+08:00 ] 127.0.0.1 /index.php/Home/index/test?optionId=eo000000uutk2jui
INFO: [ app_init ] --START--
INFO: Run Behavior\BuildLiteBehavior [ RunTime:0.000012s ]
INFO: [ app_init ] --END-- [ RunTime:0.000618s ]
INFO: [ app_begin ] --START--
INFO: Run Behavior\ReadHtmlCacheBehavior [ RunTime:0.000655s ]
INFO: [ app_begin ] --END-- [ RunTime:0.000726s ]

[ 2017-05-20T09:00:43+08:00 ] 127.0.0.1 /index.php/Home/index/test?optionId=eo000000uutk2jui
INFO: [ app_init ] --START--
INFO: Run Behavior\BuildLiteBehavior [ RunTime:0.000013s ]
INFO: [ app_init ] --END-- [ RunTime:0.000663s ]
INFO: [ app_begin ] --START--
INFO: Run Behavior\ReadHtmlCacheBehavior [ RunTime:0.000696s ]
INFO: [ app_begin ] --END-- [ RunTime:0.000740s ]

[ 2017-05-20T10:22:44+08:00 ] 127.0.0.1 /index.php/Home/index/test?optionId=eo000000uutk2jui
INFO: [ app_init ] --START--
INFO: Run Behavior\BuildLiteBehavior [ RunTime:0.000016s ]
INFO: [ app_init ] --END-- [ RunTime:0.000638s ]
INFO: [ app_begin ] --START--
INFO: Run Behavior\ReadHtmlCacheBehavior [ RunTime:0.000701s ]
INFO: [ app_begin ] --END-- [ RunTime:0.000764s ]
INFO: [ app_end ] --START--
INFO: Run Behavior\ShowPageTraceBehavior [ RunTime:0.001058s ]
INFO: [ app_end ] --END-- [ RunTime:0.001117s ]

[ 2017-05-20T10:22:53+08:00 ] 127.0.0.1 /index.php/Home/index/test?optionId=eo000000uutk2jui
INFO: [ app_init ] --START--
INFO: Run Behavior\BuildLiteBehavior [ RunTime:0.000015s ]
INFO: [ app_init ] --END-- [ RunTime:0.000544s ]
INFO: [ app_begin ] --START--
INFO: Run Behavior\ReadHtmlCacheBehavior [ RunTime:0.000614s ]
INFO: [ app_begin ] --END-- [ RunTime:0.000658s ]
INFO: [ app_end ] --START--
INFO: Run Behavior\ShowPageTraceBehavior [ RunTime:0.000710s ]
INFO: [ app_end ] --END-- [ RunTime:0.000769s ]

[ 2017-05-20T10:23:03+08:00 ] 127.0.0.1 /index.php/Home/index/
INFO: [ app_init ] --START--
INFO: Run Behavior\BuildLiteBehavior [ RunTime:0.000014s ]
INFO: [ app_init ] --END-- [ RunTime:0.000448s ]
INFO: [ app_begin ] --START--
INFO: Run Behavior\ReadHtmlCacheBehavior [ RunTime:0.000754s ]
INFO: [ app_begin ] --END-- [ RunTime:0.000876s ]
NOTIC: [2] file_get_contents(./TpApi.json): failed to open stream: No such file or directory D:\phpStudy\WWW\weichan\API\Common\Util\TpApi.class.php 第 7 行.

[ 2017-05-20T10:23:11+08:00 ] 127.0.0.1 /index.php/Home/index/
INFO: [ app_init ] --START--
INFO: Run Behavior\BuildLiteBehavior [ RunTime:0.000023s ]
INFO: [ app_init ] --END-- [ RunTime:0.000615s ]
INFO: [ app_begin ] --START--
INFO: Run Behavior\ReadHtmlCacheBehavior [ RunTime:0.000668s ]
INFO: [ app_begin ] --END-- [ RunTime:0.000734s ]
NOTIC: [2] file_get_contents(./TpApi.json): failed to open stream: No such file or directory D:\phpStudy\WWW\weichan\API\Common\Util\TpApi.class.php 第 7 行.

[ 2017-05-20T10:23:41+08:00 ] 127.0.0.1 /index.php/Home/index/
INFO: [ app_init ] --START--
INFO: Run Behavior\BuildLiteBehavior [ RunTime:0.000025s ]
INFO: [ app_init ] --END-- [ RunTime:0.000771s ]
INFO: [ app_begin ] --START--
INFO: Run Behavior\ReadHtmlCacheBehavior [ RunTime:0.000614s ]
INFO: [ app_begin ] --END-- [ RunTime:0.000666s ]
NOTIC: [2] file_get_contents(./TpApi.json): failed to open stream: No such file or directory D:\phpStudy\WWW\weichan\API\Common\Util\TpApi.class.php 第 7 行.

[ 2017-05-20T10:23:58+08:00 ] 127.0.0.1 /index.php/Home/index/
INFO: [ app_init ] --START--
INFO: Run Behavior\BuildLiteBehavior [ RunTime:0.000016s ]
INFO: [ app_init ] --END-- [ RunTime:0.000592s ]
INFO: [ app_begin ] --START--
INFO: Run Behavior\ReadHtmlCacheBehavior [ RunTime:0.000603s ]
INFO: [ app_begin ] --END-- [ RunTime:0.000648s ]
NOTIC: [2] file_get_contents(./TpApi.json): failed to open stream: No such file or directory D:\phpStudy\WWW\weichan\API\Common\Util\TpApi.class.php 第 7 行.

[ 2017-05-20T10:24:05+08:00 ] 127.0.0.1 /index.php/Home/index/
INFO: [ app_init ] --START--
INFO: Run Behavior\BuildLiteBehavior [ RunTime:0.000032s ]
INFO: [ app_init ] --END-- [ RunTime:0.000698s ]
INFO: [ app_begin ] --START--
INFO: Run Behavior\ReadHtmlCacheBehavior [ RunTime:0.000681s ]
INFO: [ app_begin ] --END-- [ RunTime:0.000733s ]
NOTIC: [2] file_get_contents(./TpApi.json): failed to open stream: No such file or directory D:\phpStudy\WWW\weichan\API\Common\Util\TpApi.class.php 第 7 行.

[ 2017-05-20T10:27:37+08:00 ] 127.0.0.1 /index.php/Home/index/
INFO: [ app_init ] --START--
INFO: Run Behavior\BuildLiteBehavior [ RunTime:0.000016s ]
INFO: [ app_init ] --END-- [ RunTime:0.000641s ]
INFO: [ app_begin ] --START--
INFO: Run Behavior\ReadHtmlCacheBehavior [ RunTime:0.000730s ]
INFO: [ app_begin ] --END-- [ RunTime:0.000804s ]
NOTIC: [2048] Non-static method Common\Util\TpApi::curl_file_get_contents() should not be called statically D:\phpStudy\WWW\weichan\API\Common\Util\TpApi.class.php 第 7 行.
NOTIC: [8] Use of undefined constant _USERAGENT_ - assumed '_USERAGENT_' D:\phpStudy\WWW\weichan\API\Common\Util\TpApi.class.php 第 37 行.
NOTIC: [8] Use of undefined constant _REFERER_ - assumed '_REFERER_' D:\phpStudy\WWW\weichan\API\Common\Util\TpApi.class.php 第 38 行.

[ 2017-05-20T10:29:48+08:00 ] 127.0.0.1 /index.php/Home/index/
INFO: [ app_init ] --START--
INFO: Run Behavior\BuildLiteBehavior [ RunTime:0.000014s ]
INFO: [ app_init ] --END-- [ RunTime:0.000656s ]
INFO: [ app_begin ] --START--
INFO: Run Behavior\ReadHtmlCacheBehavior [ RunTime:0.000726s ]
INFO: [ app_begin ] --END-- [ RunTime:0.000790s ]
NOTIC: [2048] Non-static method Common\Util\TpApi::curl_file_get_contents() should not be called statically D:\phpStudy\WWW\weichan\API\Common\Util\TpApi.class.php 第 7 行.
NOTIC: [8] Use of undefined constant _USERAGENT_ - assumed '_USERAGENT_' D:\phpStudy\WWW\weichan\API\Common\Util\TpApi.class.php 第 37 行.
NOTIC: [8] Use of undefined constant _REFERER_ - assumed '_REFERER_' D:\phpStudy\WWW\weichan\API\Common\Util\TpApi.class.php 第 38 行.

[ 2017-05-20T10:30:00+08:00 ] 127.0.0.1 /index.php/Home/index/
INFO: [ app_init ] --START--
INFO: Run Behavior\BuildLiteBehavior [ RunTime:0.000020s ]
INFO: [ app_init ] --END-- [ RunTime:0.000665s ]
INFO: [ app_begin ] --START--
INFO: Run Behavior\ReadHtmlCacheBehavior [ RunTime:0.000648s ]
INFO: [ app_begin ] --END-- [ RunTime:0.000702s ]
NOTIC: [2048] Non-static method Common\Util\TpApi::curl_file_get_contents() should not be called statically D:\phpStudy\WWW\weichan\API\Common\Util\TpApi.class.php 第 7 行.
NOTIC: [8] Use of undefined constant _USERAGENT_ - assumed '_USERAGENT_' D:\phpStudy\WWW\weichan\API\Common\Util\TpApi.class.php 第 37 行.
NOTIC: [8] Use of undefined constant _REFERER_ - assumed '_REFERER_' D:\phpStudy\WWW\weichan\API\Common\Util\TpApi.class.php 第 38 行.

[ 2017-05-20T10:33:02+08:00 ] 127.0.0.1 /index.php/Home/index/
INFO: [ app_init ] --START--
INFO: Run Behavior\BuildLiteBehavior [ RunTime:0.000015s ]
INFO: [ app_init ] --END-- [ RunTime:0.000670s ]
INFO: [ app_begin ] --START--
INFO: Run Behavior\ReadHtmlCacheBehavior [ RunTime:0.000715s ]
INFO: [ app_begin ] --END-- [ RunTime:0.000784s ]
NOTIC: [2048] Non-static method Common\Util\TpApi::curl_file_get_contents() should not be called statically D:\phpStudy\WWW\weichan\API\Common\Util\TpApi.class.php 第 7 行.
NOTIC: [8] Use of undefined constant _USERAGENT_ - assumed '_USERAGENT_' D:\phpStudy\WWW\weichan\API\Common\Util\TpApi.class.php 第 37 行.
NOTIC: [8] Use of undefined constant _REFERER_ - assumed '_REFERER_' D:\phpStudy\WWW\weichan\API\Common\Util\TpApi.class.php 第 38 行.

[ 2017-05-20T10:33:45+08:00 ] 127.0.0.1 /index.php/Home/index/
INFO: [ app_init ] --START--
INFO: Run Behavior\BuildLiteBehavior [ RunTime:0.000018s ]
INFO: [ app_init ] --END-- [ RunTime:0.000734s ]
INFO: [ app_begin ] --START--
INFO: Run Behavior\ReadHtmlCacheBehavior [ RunTime:0.000724s ]
INFO: [ app_begin ] --END-- [ RunTime:0.000780s ]
NOTIC: [2048] Non-static method Common\Util\TpApi::curl_file_get_contents() should not be called statically D:\phpStudy\WWW\weichan\API\Common\Util\TpApi.class.php 第 7 行.
NOTIC: [8] Use of undefined constant _USERAGENT_ - assumed '_USERAGENT_' D:\phpStudy\WWW\weichan\API\Common\Util\TpApi.class.php 第 37 行.
NOTIC: [8] Use of undefined constant _REFERER_ - assumed '_REFERER_' D:\phpStudy\WWW\weichan\API\Common\Util\TpApi.class.php 第 38 行.

[ 2017-05-20T10:34:53+08:00 ] 127.0.0.1 /index.php/Home/index/
INFO: [ app_init ] --START--
INFO: Run Behavior\BuildLiteBehavior [ RunTime:0.000014s ]
INFO: [ app_init ] --END-- [ RunTime:0.000598s ]
INFO: [ app_begin ] --START--
INFO: Run Behavior\ReadHtmlCacheBehavior [ RunTime:0.000564s ]
INFO: [ app_begin ] --END-- [ RunTime:0.000615s ]
NOTIC: [2048] Non-static method Common\Util\TpApi::curl_file_get_contents() should not be called statically D:\phpStudy\WWW\weichan\API\Common\Util\TpApi.class.php 第 7 行.
NOTIC: [8] Use of undefined constant _USERAGENT_ - assumed '_USERAGENT_' D:\phpStudy\WWW\weichan\API\Common\Util\TpApi.class.php 第 37 行.
NOTIC: [8] Use of undefined constant _REFERER_ - assumed '_REFERER_' D:\phpStudy\WWW\weichan\API\Common\Util\TpApi.class.php 第 38 行.

[ 2017-05-20T10:36:44+08:00 ] 127.0.0.1 /index.php/Home/index/
INFO: [ app_init ] --START--
INFO: Run Behavior\BuildLiteBehavior [ RunTime:0.000018s ]
INFO: [ app_init ] --END-- [ RunTime:0.001009s ]
INFO: [ app_begin ] --START--
INFO: Run Behavior\ReadHtmlCacheBehavior [ RunTime:0.000821s ]
INFO: [ app_begin ] --END-- [ RunTime:0.000915s ]
NOTIC: [2048] Non-static method Common\Util\TpApi::curl_file_get_contents() should not be called statically D:\phpStudy\WWW\weichan\API\Common\Util\TpApi.class.php 第 7 行.
NOTIC: [8] Use of undefined constant _USERAGENT_ - assumed '_USERAGENT_' D:\phpStudy\WWW\weichan\API\Common\Util\TpApi.class.php 第 37 行.
NOTIC: [8] Use of undefined constant _REFERER_ - assumed '_REFERER_' D:\phpStudy\WWW\weichan\API\Common\Util\TpApi.class.php 第 38 行.

[ 2017-05-20T10:38:04+08:00 ] 127.0.0.1 /index.php/Home/index/
INFO: [ app_init ] --START--
INFO: Run Behavior\BuildLiteBehavior [ RunTime:0.000016s ]
INFO: [ app_init ] --END-- [ RunTime:0.000673s ]
INFO: [ app_begin ] --START--
INFO: Run Behavior\ReadHtmlCacheBehavior [ RunTime:0.000784s ]
INFO: [ app_begin ] --END-- [ RunTime:0.000850s ]
NOTIC: [2048] Non-static method Common\Util\TpApi::curl_file_get_contents() should not be called statically D:\phpStudy\WWW\weichan\API\Common\Util\TpApi.class.php 第 7 行.
NOTIC: [8] Use of undefined constant _USERAGENT_ - assumed '_USERAGENT_' D:\phpStudy\WWW\weichan\API\Common\Util\TpApi.class.php 第 37 行.
NOTIC: [8] Use of undefined constant _REFERER_ - assumed '_REFERER_' D:\phpStudy\WWW\weichan\API\Common\Util\TpApi.class.php 第 38 行.

[ 2017-05-20T10:38:11+08:00 ] 127.0.0.1 /index.php/Home/index/
INFO: [ app_init ] --START--
INFO: Run Behavior\BuildLiteBehavior [ RunTime:0.000014s ]
INFO: [ app_init ] --END-- [ RunTime:0.000524s ]
INFO: [ app_begin ] --START--
INFO: Run Behavior\ReadHtmlCacheBehavior [ RunTime:0.000705s ]
INFO: [ app_begin ] --END-- [ RunTime:0.000776s ]
NOTIC: [2048] Non-static method Common\Util\TpApi::curl_file_get_contents() should not be called statically D:\phpStudy\WWW\weichan\API\Common\Util\TpApi.class.php 第 7 行.
NOTIC: [8] Use of undefined constant _USERAGENT_ - assumed '_USERAGENT_' D:\phpStudy\WWW\weichan\API\Common\Util\TpApi.class.php 第 37 行.
NOTIC: [8] Use of undefined constant _REFERER_ - assumed '_REFERER_' D:\phpStudy\WWW\weichan\API\Common\Util\TpApi.class.php 第 38 行.

[ 2017-05-20T19:28:12+08:00 ] 127.0.0.1 /index.php/Home/index/
INFO: [ app_init ] --START--
INFO: Run Behavior\BuildLiteBehavior [ RunTime:0.000019s ]
INFO: [ app_init ] --END-- [ RunTime:0.057259s ]
INFO: [ app_begin ] --START--
INFO: Run Behavior\ReadHtmlCacheBehavior [ RunTime:0.007760s ]
INFO: [ app_begin ] --END-- [ RunTime:0.007862s ]
NOTIC: [2048] Non-static method Common\Util\TpApi::curl_file_get_contents() should not be called statically D:\phpStudy\WWW\weichan\API\Common\Util\TpApi.class.php 第 7 行.
NOTIC: [8] Use of undefined constant _USERAGENT_ - assumed '_USERAGENT_' D:\phpStudy\WWW\weichan\API\Common\Util\TpApi.class.php 第 37 行.
NOTIC: [8] Use of undefined constant _REFERER_ - assumed '_REFERER_' D:\phpStudy\WWW\weichan\API\Common\Util\TpApi.class.php 第 38 行.

[ 2017-05-20T19:29:20+08:00 ] 127.0.0.1 /index.php/Home/index/
INFO: [ app_init ] --START--
INFO: Run Behavior\BuildLiteBehavior [ RunTime:0.000015s ]
INFO: [ app_init ] --END-- [ RunTime:0.000520s ]
INFO: [ app_begin ] --START--
INFO: Run Behavior\ReadHtmlCacheBehavior [ RunTime:0.001689s ]
INFO: [ app_begin ] --END-- [ RunTime:0.001876s ]
NOTIC: [2048] Non-static method Common\Util\TpApi::curl_file_get_contents() should not be called statically D:\phpStudy\WWW\weichan\API\Common\Util\TpApi.class.php 第 7 行.
NOTIC: [8] Use of undefined constant _USERAGENT_ - assumed '_USERAGENT_' D:\phpStudy\WWW\weichan\API\Common\Util\TpApi.class.php 第 37 行.
NOTIC: [8] Use of undefined constant _REFERER_ - assumed '_REFERER_' D:\phpStudy\WWW\weichan\API\Common\Util\TpApi.class.php 第 38 行.

[ 2017-05-20T19:30:22+08:00 ] 127.0.0.1 /index.php/Home/index/
INFO: [ app_init ] --START--
INFO: Run Behavior\BuildLiteBehavior [ RunTime:0.000014s ]
INFO: [ app_init ] --END-- [ RunTime:0.000685s ]
INFO: [ app_begin ] --START--
INFO: Run Behavior\ReadHtmlCacheBehavior [ RunTime:0.000730s ]
INFO: [ app_begin ] --END-- [ RunTime:0.000801s ]
NOTIC: [2048] Non-static method Common\Util\TpApi::curl_file_get_contents() should not be called statically D:\phpStudy\WWW\weichan\API\Common\Util\TpApi.class.php 第 7 行.
NOTIC: [8] Use of undefined constant _USERAGENT_ - assumed '_USERAGENT_' D:\phpStudy\WWW\weichan\API\Common\Util\TpApi.class.php 第 37 行.
NOTIC: [8] Use of undefined constant _REFERER_ - assumed '_REFERER_' D:\phpStudy\WWW\weichan\API\Common\Util\TpApi.class.php 第 38 行.

[ 2017-05-20T19:31:11+08:00 ] 127.0.0.1 /index.php/Home/index/
INFO: [ app_init ] --START--
INFO: Run Behavior\BuildLiteBehavior [ RunTime:0.000016s ]
INFO: [ app_init ] --END-- [ RunTime:0.000603s ]
INFO: [ app_begin ] --START--
INFO: Run Behavior\ReadHtmlCacheBehavior [ RunTime:0.000804s ]
INFO: [ app_begin ] --END-- [ RunTime:0.000853s ]
NOTIC: [8] Use of undefined constant _USERAGENT_ - assumed '_USERAGENT_' D:\phpStudy\WWW\weichan\API\Common\Util\TpApi.class.php 第 37 行.
NOTIC: [8] Use of undefined constant _REFERER_ - assumed '_REFERER_' D:\phpStudy\WWW\weichan\API\Common\Util\TpApi.class.php 第 38 行.

[ 2017-05-20T19:42:03+08:00 ] 127.0.0.1 /index.php/Home/index/
INFO: [ app_init ] --START--
INFO: Run Behavior\BuildLiteBehavior [ RunTime:0.000014s ]
INFO: [ app_init ] --END-- [ RunTime:0.000605s ]
INFO: [ app_begin ] --START--
INFO: Run Behavior\ReadHtmlCacheBehavior [ RunTime:0.000628s ]
INFO: [ app_begin ] --END-- [ RunTime:0.000685s ]
NOTIC: [8] Use of undefined constant _USERAGENT_ - assumed '_USERAGENT_' D:\phpStudy\WWW\weichan\API\Common\Util\TpApi.class.php 第 37 行.
NOTIC: [8] Use of undefined constant _REFERER_ - assumed '_REFERER_' D:\phpStudy\WWW\weichan\API\Common\Util\TpApi.class.php 第 38 行.

[ 2017-05-20T19:44:50+08:00 ] 127.0.0.1 /index.php/Home/index/
INFO: [ app_init ] --START--
INFO: Run Behavior\BuildLiteBehavior [ RunTime:0.000020s ]
INFO: [ app_init ] --END-- [ RunTime:0.000831s ]
INFO: [ app_begin ] --START--
INFO: Run Behavior\ReadHtmlCacheBehavior [ RunTime:0.000887s ]
INFO: [ app_begin ] --END-- [ RunTime:0.000962s ]
NOTIC: [8] Use of undefined constant _USERAGENT_ - assumed '_USERAGENT_' D:\phpStudy\WWW\weichan\API\Common\Util\TpApi.class.php 第 37 行.
NOTIC: [8] Use of undefined constant _REFERER_ - assumed '_REFERER_' D:\phpStudy\WWW\weichan\API\Common\Util\TpApi.class.php 第 38 行.

[ 2017-05-20T19:46:16+08:00 ] 127.0.0.1 /index.php/Home/index/
INFO: [ app_init ] --START--
INFO: Run Behavior\BuildLiteBehavior [ RunTime:0.000014s ]
INFO: [ app_init ] --END-- [ RunTime:0.000493s ]
INFO: [ app_begin ] --START--
INFO: Run Behavior\ReadHtmlCacheBehavior [ RunTime:0.000721s ]
INFO: [ app_begin ] --END-- [ RunTime:0.000775s ]
NOTIC: [2] fopen(../../common/Util/TpApi.json): failed to open stream: No such file or directory D:\phpStudy\WWW\weichan\API\Common\Util\TpApi.class.php 第 34 行.

[ 2017-05-20T19:46:26+08:00 ] 127.0.0.1 /index.php/Home/index/
INFO: [ app_init ] --START--
INFO: Run Behavior\BuildLiteBehavior [ RunTime:0.000014s ]
INFO: [ app_init ] --END-- [ RunTime:0.000520s ]
INFO: [ app_begin ] --START--
INFO: Run Behavior\ReadHtmlCacheBehavior [ RunTime:0.000587s ]
INFO: [ app_begin ] --END-- [ RunTime:0.000631s ]
NOTIC: [2] file_get_contents(../../common/Util/TpApi.json): failed to open stream: No such file or directory D:\phpStudy\WWW\weichan\API\Common\Util\TpApi.class.php 第 7 行.

[ 2017-05-20T19:46:56+08:00 ] 127.0.0.1 /index.php/Home/index/
INFO: [ app_init ] --START--
INFO: Run Behavior\BuildLiteBehavior [ RunTime:0.000013s ]
INFO: [ app_init ] --END-- [ RunTime:0.000555s ]
INFO: [ app_begin ] --START--
INFO: Run Behavior\ReadHtmlCacheBehavior [ RunTime:0.000715s ]
INFO: [ app_begin ] --END-- [ RunTime:0.000792s ]

[ 2017-05-20T19:54:06+08:00 ] 127.0.0.1 /index.php/Home/index/
INFO: [ app_init ] --START--
INFO: Run Behavior\BuildLiteBehavior [ RunTime:0.000014s ]
INFO: [ app_init ] --END-- [ RunTime:0.000511s ]
INFO: [ app_begin ] --START--
INFO: Run Behavior\ReadHtmlCacheBehavior [ RunTime:0.000844s ]
INFO: [ app_begin ] --END-- [ RunTime:0.000913s ]

[ 2017-05-20T20:28:40+08:00 ] 127.0.0.1 /index.php/Home/index/
INFO: [ app_init ] --START--
INFO: Run Behavior\BuildLiteBehavior [ RunTime:0.000020s ]
INFO: [ app_init ] --END-- [ RunTime:0.001001s ]
INFO: [ app_begin ] --START--
INFO: Run Behavior\ReadHtmlCacheBehavior [ RunTime:0.000804s ]
INFO: [ app_begin ] --END-- [ RunTime:0.000879s ]
NOTIC: [2] fopen(../../common/Util/TpApi.json): failed to open stream: No such file or directory D:\phpStudy\WWW\weichan\API\Common\Util\TpApi.class.php 第 34 行.

[ 2017-05-20T22:39:01+08:00 ] 127.0.0.1 /index.php/Home/index/
INFO: [ app_init ] --START--
INFO: Run Behavior\BuildLiteBehavior [ RunTime:0.000026s ]
INFO: [ app_init ] --END-- [ RunTime:0.001532s ]
INFO: [ app_begin ] --START--
INFO: Run Behavior\ReadHtmlCacheBehavior [ RunTime:0.001084s ]
INFO: [ app_begin ] --END-- [ RunTime:0.001182s ]
NOTIC: [2] fopen(../../common/Util/api.txt): failed to open stream: No such file or directory D:\phpStudy\WWW\weichan\API\Common\Util\TpApi.class.php 第 34 行.

[ 2017-05-20T22:39:52+08:00 ] 127.0.0.1 /index.php/Home/index/
INFO: [ app_init ] --START--
INFO: Run Behavior\BuildLiteBehavior [ RunTime:0.000013s ]
INFO: [ app_init ] --END-- [ RunTime:0.000479s ]
INFO: [ app_begin ] --START--
INFO: Run Behavior\ReadHtmlCacheBehavior [ RunTime:0.000603s ]
INFO: [ app_begin ] --END-- [ RunTime:0.000664s ]
NOTIC: [2] fopen(../../common/Util/api.txt): failed to open stream: No such file or directory D:\phpStudy\WWW\weichan\API\Common\Util\TpApi.class.php 第 38 行.

[ 2017-05-20T23:01:32+08:00 ] 127.0.0.1 /index.php/Home/index/
INFO: [ app_init ] --START--
INFO: Run Behavior\BuildLiteBehavior [ RunTime:0.000023s ]
INFO: [ app_init ] --END-- [ RunTime:0.000774s ]
INFO: [ app_begin ] --START--
INFO: Run Behavior\ReadHtmlCacheBehavior [ RunTime:0.000647s ]
INFO: [ app_begin ] --END-- [ RunTime:0.000703s ]

[ 2017-05-20T23:01:40+08:00 ] 127.0.0.1 /index.php/Home/index/
INFO: [ app_init ] --START--
INFO: Run Behavior\BuildLiteBehavior [ RunTime:0.000023s ]
INFO: [ app_init ] --END-- [ RunTime:0.000712s ]
INFO: [ app_begin ] --START--
INFO: Run Behavior\ReadHtmlCacheBehavior [ RunTime:0.000848s ]
INFO: [ app_begin ] --END-- [ RunTime:0.000939s ]
NOTIC: [2] fopen(../../common/Util/api.txt): failed to open stream: No such file or directory D:\phpStudy\WWW\weichan\API\Common\Util\TpApi.class.php 第 38 行.
NOTIC: [2] dirname() expects exactly 1 parameter, 0 given D:\phpStudy\WWW\weichan\API\Common\Util\TpApi.class.php 第 9 行.

[ 2017-05-20T23:02:18+08:00 ] 127.0.0.1 /index.php/Home/index/
INFO: [ app_init ] --START--
INFO: Run Behavior\BuildLiteBehavior [ RunTime:0.000014s ]
INFO: [ app_init ] --END-- [ RunTime:0.000523s ]
INFO: [ app_begin ] --START--
INFO: Run Behavior\ReadHtmlCacheBehavior [ RunTime:0.000726s ]
INFO: [ app_begin ] --END-- [ RunTime:0.000790s ]
NOTIC: [2] fopen(../../common/Util/api.txt): failed to open stream: No such file or directory D:\phpStudy\WWW\weichan\API\Common\Util\TpApi.class.php 第 38 行.

[ 2017-05-20T23:14:20+08:00 ] 127.0.0.1 /index.php/Home/index/
INFO: [ app_init ] --START--
INFO: Run Behavior\BuildLiteBehavior [ RunTime:0.000014s ]
INFO: [ app_init ] --END-- [ RunTime:0.000567s ]
INFO: [ app_begin ] --START--
INFO: Run Behavior\ReadHtmlCacheBehavior [ RunTime:0.001041s ]
INFO: [ app_begin ] --END-- [ RunTime:0.001159s ]
NOTIC: [2] fopen(../../common/Util/api.txt): failed to open stream: No such file or directory D:\phpStudy\WWW\weichan\API\Common\Util\TpApi.class.php 第 39 行.

[ 2017-05-20T23:15:53+08:00 ] 127.0.0.1 /index.php/Home/index/
INFO: [ app_init ] --START--
INFO: Run Behavior\BuildLiteBehavior [ RunTime:0.000013s ]
INFO: [ app_init ] --END-- [ RunTime:0.000515s ]
INFO: [ app_begin ] --START--
INFO: Run Behavior\ReadHtmlCacheBehavior [ RunTime:0.001998s ]
INFO: [ app_begin ] --END-- [ RunTime:0.002171s ]
NOTIC: [2] fopen(../../common/Util/api.txt): failed to open stream: No such file or directory D:\phpStudy\WWW\weichan\API\Common\Util\TpApi.class.php 第 38 行.

[ 2017-05-20T23:17:02+08:00 ] 127.0.0.1 /index.php/Home/index/
INFO: [ app_init ] --START--
INFO: Run Behavior\BuildLiteBehavior [ RunTime:0.000028s ]
INFO: [ app_init ] --END-- [ RunTime:0.001295s ]
INFO: [ app_begin ] --START--
INFO: Run Behavior\ReadHtmlCacheBehavior [ RunTime:0.001162s ]
INFO: [ app_begin ] --END-- [ RunTime:0.001275s ]

[ 2017-05-20T23:17:20+08:00 ] 127.0.0.1 /index.php/Home/index/
INFO: [ app_init ] --START--
INFO: Run Behavior\BuildLiteBehavior [ RunTime:0.000020s ]
INFO: [ app_init ] --END-- [ RunTime:0.000608s ]
INFO: [ app_begin ] --START--
INFO: Run Behavior\ReadHtmlCacheBehavior [ RunTime:0.001374s ]
INFO: [ app_begin ] --END-- [ RunTime:0.001502s ]
NOTIC: [8] Use of undefined constant _USERAGENT_ - assumed '_USERAGENT_' D:\phpStudy\WWW\weichan\API\Common\Util\TpApi.class.php 第 57 行.
NOTIC: [8] Use of undefined constant _REFERER_ - assumed '_REFERER_' D:\phpStudy\WWW\weichan\API\Common\Util\TpApi.class.php 第 58 行.

[ 2017-05-20T23:17:55+08:00 ] 127.0.0.1 /index.php/Home/index/
INFO: [ app_init ] --START--
INFO: Run Behavior\BuildLiteBehavior [ RunTime:0.000015s ]
INFO: [ app_init ] --END-- [ RunTime:0.000489s ]
INFO: [ app_begin ] --START--
INFO: Run Behavior\ReadHtmlCacheBehavior [ RunTime:0.000584s ]
INFO: [ app_begin ] --END-- [ RunTime:0.000638s ]

[ 2017-05-20T23:19:09+08:00 ] 127.0.0.1 /index.php/Home/index/
INFO: [ app_init ] --START--
INFO: Run Behavior\BuildLiteBehavior [ RunTime:0.000023s ]
INFO: [ app_init ] --END-- [ RunTime:0.000791s ]
INFO: [ app_begin ] --START--
INFO: Run Behavior\ReadHtmlCacheBehavior [ RunTime:0.000758s ]
INFO: [ app_begin ] --END-- [ RunTime:0.000827s ]

[ 2017-05-20T23:19:21+08:00 ] 127.0.0.1 /index.php/Home/index/
INFO: [ app_init ] --START--
INFO: Run Behavior\BuildLiteBehavior [ RunTime:0.000015s ]
INFO: [ app_init ] --END-- [ RunTime:0.000500s ]
INFO: [ app_begin ] --START--
INFO: Run Behavior\ReadHtmlCacheBehavior [ RunTime:0.001669s ]
INFO: [ app_begin ] --END-- [ RunTime:0.001824s ]

[ 2017-05-20T23:19:51+08:00 ] 127.0.0.1 /index.php/Home/index/
INFO: [ app_init ] --START--
INFO: Run Behavior\BuildLiteBehavior [ RunTime:0.000017s ]
INFO: [ app_init ] --END-- [ RunTime:0.000598s ]
INFO: [ app_begin ] --START--
INFO: Run Behavior\ReadHtmlCacheBehavior [ RunTime:0.000579s ]
INFO: [ app_begin ] --END-- [ RunTime:0.000645s ]

[ 2017-05-20T23:20:11+08:00 ] 127.0.0.1 /index.php/Home/index/
INFO: [ app_init ] --START--
INFO: Run Behavior\BuildLiteBehavior [ RunTime:0.000013s ]
INFO: [ app_init ] --END-- [ RunTime:0.000458s ]
INFO: [ app_begin ] --START--
INFO: Run Behavior\ReadHtmlCacheBehavior [ RunTime:0.000522s ]
INFO: [ app_begin ] --END-- [ RunTime:0.000569s ]
ERR: 模板不存在:./API/Home/View/Index/index.html

[ 2017-05-20T23:20:15+08:00 ] 127.0.0.1 /index.php/Home/index/
INFO: [ app_init ] --START--
INFO: Run Behavior\BuildLiteBehavior [ RunTime:0.000023s ]
INFO: [ app_init ] --END-- [ RunTime:0.000660s ]
INFO: [ app_begin ] --START--
INFO: Run Behavior\ReadHtmlCacheBehavior [ RunTime:0.000864s ]
INFO: [ app_begin ] --END-- [ RunTime:0.000941s ]
ERR: 模板不存在:./API/Home/View/Index/index.html

[ 2017-05-20T23:21:07+08:00 ] 127.0.0.1 /index.php/Home/index/
INFO: [ app_init ] --START--
INFO: Run Behavior\BuildLiteBehavior [ RunTime:0.000020s ]
INFO: [ app_init ] --END-- [ RunTime:0.000710s ]
INFO: [ app_begin ] --START--
INFO: Run Behavior\ReadHtmlCacheBehavior [ RunTime:0.001008s ]
INFO: [ app_begin ] --END-- [ RunTime:0.001130s ]
INFO: [ view_parse ] --START--
INFO: [ template_filter ] --START--
INFO: Run Behavior\ContentReplaceBehavior [ RunTime:0.014368s ]
INFO: [ template_filter ] --END-- [ RunTime:0.014456s ]
INFO: Run Behavior\ParseTemplateBehavior [ RunTime:0.128804s ]
INFO: [ view_parse ] --END-- [ RunTime:0.128879s ]
INFO: [ view_filter ] --START--
INFO: Run Behavior\WriteHtmlCacheBehavior [ RunTime:0.014807s ]
INFO: [ view_filter ] --END-- [ RunTime:0.014889s ]
INFO: [ app_end ] --START--
INFO: Run Behavior\ShowPageTraceBehavior [ RunTime:0.010901s ]
INFO: [ app_end ] --END-- [ RunTime:0.010971s ]

[ 2017-05-20T23:21:08+08:00 ] 127.0.0.1 /index.php/Home/index/index.css
INFO: [ app_init ] --START--
INFO: Run Behavior\BuildLiteBehavior [ RunTime:0.000021s ]
INFO: [ app_init ] --END-- [ RunTime:0.000753s ]
INFO: [ app_begin ] --START--
INFO: Run Behavior\ReadHtmlCacheBehavior [ RunTime:0.000698s ]
INFO: [ app_begin ] --END-- [ RunTime:0.000773s ]
ERR: 非法操作:index.css

[ 2017-05-20T23:21:09+08:00 ] 127.0.0.1 /index.php/Home/index/js/ajaxfileupload.js
INFO: [ app_init ] --START--
INFO: Run Behavior\BuildLiteBehavior [ RunTime:0.000021s ]
INFO: [ app_init ] --END-- [ RunTime:0.000659s ]
INFO: [ app_begin ] --START--
INFO: Run Behavior\ReadHtmlCacheBehavior [ RunTime:0.000583s ]
INFO: [ app_begin ] --END-- [ RunTime:0.000644s ]
ERR: 非法操作:js

[ 2017-05-20T23:23:57+08:00 ] 127.0.0.1 /index.php/Home/index/
INFO: [ app_init ] --START--
INFO: Run Behavior\BuildLiteBehavior [ RunTime:0.000015s ]
INFO: [ app_init ] --END-- [ RunTime:0.000569s ]
INFO: [ app_begin ] --START--
INFO: Run Behavior\ReadHtmlCacheBehavior [ RunTime:0.001037s ]
INFO: [ app_begin ] --END-- [ RunTime:0.001119s ]
NOTIC: [8] Undefined index: server D:\phpStudy\WWW\weichan\API\Common\Util\TpApi.class.php 第 28 行.
INFO: [ view_parse ] --START--
INFO: [ template_filter ] --START--
INFO: Run Behavior\ContentReplaceBehavior [ RunTime:0.000280s ]
INFO: [ template_filter ] --END-- [ RunTime:0.000393s ]
INFO: Run Behavior\ParseTemplateBehavior [ RunTime:0.024568s ]
INFO: [ view_parse ] --END-- [ RunTime:0.024640s ]
INFO: [ view_filter ] --START--
INFO: Run Behavior\WriteHtmlCacheBehavior [ RunTime:0.000524s ]
INFO: [ view_filter ] --END-- [ RunTime:0.000576s ]
INFO: [ app_end ] --START--
INFO: Run Behavior\ShowPageTraceBehavior [ RunTime:0.001229s ]
INFO: [ app_end ] --END-- [ RunTime:0.001312s ]

[ 2017-05-20T23:23:57+08:00 ] 127.0.0.1 /index.php/Home/index/index.css
INFO: [ app_init ] --START--
INFO: Run Behavior\BuildLiteBehavior [ RunTime:0.000018s ]
INFO: [ app_init ] --END-- [ RunTime:0.000625s ]
INFO: [ app_begin ] --START--
INFO: Run Behavior\ReadHtmlCacheBehavior [ RunTime:0.000600s ]
INFO: [ app_begin ] --END-- [ RunTime:0.000653s ]
ERR: 非法操作:index.css

[ 2017-05-20T23:23:58+08:00 ] 127.0.0.1 /index.php/Home/index/js/ajaxfileupload.js
INFO: [ app_init ] --START--
INFO: Run Behavior\BuildLiteBehavior [ RunTime:0.000020s ]
INFO: [ app_init ] --END-- [ RunTime:0.000550s ]
INFO: [ app_begin ] --START--
INFO: Run Behavior\ReadHtmlCacheBehavior [ RunTime:0.000612s ]
INFO: [ app_begin ] --END-- [ RunTime:0.000667s ]
ERR: 非法操作:js

[ 2017-05-20T23:24:00+08:00 ] 127.0.0.1 /index.php/Home/index/js/ajaxfileupload.js
INFO: [ app_init ] --START--
INFO: Run Behavior\BuildLiteBehavior [ RunTime:0.000019s ]
INFO: [ app_init ] --END-- [ RunTime:0.000480s ]
INFO: [ app_begin ] --START--
INFO: Run Behavior\ReadHtmlCacheBehavior [ RunTime:0.000579s ]
INFO: [ app_begin ] --END-- [ RunTime:0.000642s ]
ERR: 非法操作:js

[ 2017-05-20T23:33:13+08:00 ] 127.0.0.1 /index.php/Home/index/
INFO: [ app_init ] --START--
INFO: Run Behavior\BuildLiteBehavior [ RunTime:0.000015s ]
INFO: [ app_init ] --END-- [ RunTime:0.000578s ]
INFO: [ app_begin ] --START--
INFO: Run Behavior\ReadHtmlCacheBehavior [ RunTime:0.000705s ]
INFO: [ app_begin ] --END-- [ RunTime:0.000767s ]
NOTIC: [8] Undefined index: server D:\phpStudy\WWW\weichan\API\Common\Util\TpApi.class.php 第 28 行.
INFO: [ view_parse ] --START--
INFO: [ template_filter ] --START--
INFO: Run Behavior\ContentReplaceBehavior [ RunTime:0.000124s ]
INFO: [ template_filter ] --END-- [ RunTime:0.000193s ]
INFO: Run Behavior\ParseTemplateBehavior [ RunTime:0.019010s ]
INFO: [ view_parse ] --END-- [ RunTime:0.019062s ]
INFO: [ view_filter ] --START--
INFO: Run Behavior\WriteHtmlCacheBehavior [ RunTime:0.000469s ]
INFO: [ view_filter ] --END-- [ RunTime:0.000511s ]
INFO: [ app_end ] --START--
INFO: Run Behavior\ShowPageTraceBehavior [ RunTime:0.002044s ]
INFO: [ app_end ] --END-- [ RunTime:0.002135s ]

[ 2017-05-20T23:33:54+08:00 ] 127.0.0.1 /index.php/Home/index/
INFO: [ app_init ] --START--
INFO: Run Behavior\BuildLiteBehavior [ RunTime:0.000024s ]
INFO: [ app_init ] --END-- [ RunTime:0.001119s ]
INFO: [ app_begin ] --START--
INFO: Run Behavior\ReadHtmlCacheBehavior [ RunTime:0.001405s ]
INFO: [ app_begin ] --END-- [ RunTime:0.001568s ]
NOTIC: [8] Undefined index: server D:\phpStudy\WWW\weichan\API\Common\Util\TpApi.class.php 第 28 行.
INFO: [ view_parse ] --START--
INFO: [ template_filter ] --START--
INFO: Run Behavior\ContentReplaceBehavior [ RunTime:0.000112s ]
INFO: [ template_filter ] --END-- [ RunTime:0.000186s ]
INFO: Run Behavior\ParseTemplateBehavior [ RunTime:0.012290s ]
INFO: [ view_parse ] --END-- [ RunTime:0.012357s ]
INFO: [ view_filter ] --START--
INFO: Run Behavior\WriteHtmlCacheBehavior [ RunTime:0.000534s ]
INFO: [ view_filter ] --END-- [ RunTime:0.000587s ]
INFO: [ app_end ] --START--
INFO: Run Behavior\ShowPageTraceBehavior [ RunTime:0.000828s ]
INFO: [ app_end ] --END-- [ RunTime:0.000898s ]

[ 2017-05-20T23:34:18+08:00 ] 127.0.0.1 /index.php/Home/index/
INFO: [ app_init ] --START--
INFO: Run Behavior\BuildLiteBehavior [ RunTime:0.000018s ]
INFO: [ app_init ] --END-- [ RunTime:0.000506s ]
INFO: [ app_begin ] --START--
INFO: Run Behavior\ReadHtmlCacheBehavior [ RunTime:0.000708s ]
INFO: [ app_begin ] --END-- [ RunTime:0.000762s ]
NOTIC: [8] Undefined index: server D:\phpStudy\WWW\weichan\API\Common\Util\TpApi.class.php 第 28 行.
NOTIC: [8] Undefined index: model D:\phpStudy\WWW\weichan\API\Common\Util\TpApi.class.php 第 29 行.
INFO: [ view_parse ] --START--
INFO: [ template_filter ] --START--
INFO: Run Behavior\ContentReplaceBehavior [ RunTime:0.000107s ]
INFO: [ template_filter ] --END-- [ RunTime:0.000166s ]
INFO: Run Behavior\ParseTemplateBehavior [ RunTime:0.010375s ]
INFO: [ view_parse ] --END-- [ RunTime:0.010465s ]
INFO: [ view_filter ] --START--
INFO: Run Behavior\WriteHtmlCacheBehavior [ RunTime:0.000499s ]
INFO: [ view_filter ] --END-- [ RunTime:0.000545s ]
INFO: [ app_end ] --START--
INFO: Run Behavior\ShowPageTraceBehavior [ RunTime:0.000912s ]
INFO: [ app_end ] --END-- [ RunTime:0.000983s ]

[ 2017-05-20T23:36:26+08:00 ] 127.0.0.1 /index.php/Home/index/
INFO: [ app_init ] --START--
INFO: Run Behavior\BuildLiteBehavior [ RunTime:0.000025s ]
INFO: [ app_init ] --END-- [ RunTime:0.000911s ]
INFO: [ app_begin ] --START--
INFO: Run Behavior\ReadHtmlCacheBehavior [ RunTime:0.000846s ]
INFO: [ app_begin ] --END-- [ RunTime:0.000924s ]
NOTIC: [8] Undefined index: server D:\phpStudy\WWW\weichan\API\Common\Util\TpApi.class.php 第 28 行.
INFO: [ view_parse ] --START--
INFO: [ template_filter ] --START--
INFO: Run Behavior\ContentReplaceBehavior [ RunTime:0.000096s ]
INFO: [ template_filter ] --END-- [ RunTime:0.000158s ]
INFO: Run Behavior\ParseTemplateBehavior [ RunTime:0.010335s ]
INFO: [ view_parse ] --END-- [ RunTime:0.010396s ]
INFO: [ view_filter ] --START--
INFO: Run Behavior\WriteHtmlCacheBehavior [ RunTime:0.000428s ]
INFO: [ view_filter ] --END-- [ RunTime:0.000468s ]
INFO: [ app_end ] --START--
INFO: Run Behavior\ShowPageTraceBehavior [ RunTime:0.001133s ]
INFO: [ app_end ] --END-- [ RunTime:0.001205s ]

