[ 2017-06-15T08:50:13+08:00 ] 127.0.0.1 /
INFO: [ app_init ] --START--
INFO: Run Behavior\BuildLiteBehavior [ RunTime:0.000000s ]
INFO: [ app_init ] --END-- [ RunTime:0.034002s ]
INFO: [ app_begin ] --START--
INFO: Run Behavior\ReadHtmlCacheBehavior [ RunTime:0.024001s ]
INFO: [ app_begin ] --END-- [ RunTime:0.024001s ]
ERR: 无法加载控制器:Index

[ 2017-06-15T08:50:31+08:00 ] 127.0.0.1 /index.php/home/apiTest/index
INFO: [ app_init ] --START--
INFO: Run Behavior\BuildLiteBehavior [ RunTime:0.000000s ]
INFO: [ app_init ] --END-- [ RunTime:0.000000s ]
INFO: [ app_begin ] --START--
INFO: Run Behavior\ReadHtmlCacheBehavior [ RunTime:0.000000s ]
INFO: [ app_begin ] --END-- [ RunTime:0.001000s ]
ERR: 无法加载控制器:ApiTest

[ 2017-06-15T08:50:39+08:00 ] 127.0.0.1 /index.php/home/apitest/index
INFO: [ app_init ] --START--
INFO: Run Behavior\BuildLiteBehavior [ RunTime:0.000000s ]
INFO: [ app_init ] --END-- [ RunTime:0.001000s ]
INFO: [ app_begin ] --START--
INFO: Run Behavior\ReadHtmlCacheBehavior [ RunTime:0.001000s ]
INFO: [ app_begin ] --END-- [ RunTime:0.001000s ]
NOTIC: [8] Undefined index: server E:\WWW\chufang\API\Common\Util\TpApi.class.php 第 28 行.
NOTIC: [8] Undefined index: model E:\WWW\chufang\API\Common\Util\TpApi.class.php 第 29 行.
INFO: [ view_parse ] --START--
INFO: [ template_filter ] --START--
INFO: Run Behavior\ContentReplaceBehavior [ RunTime:0.033002s ]
INFO: [ template_filter ] --END-- [ RunTime:0.033002s ]
INFO: Run Behavior\ParseTemplateBehavior [ RunTime:0.130007s ]
INFO: [ view_parse ] --END-- [ RunTime:0.131007s ]
INFO: [ view_filter ] --START--
INFO: Run Behavior\WriteHtmlCacheBehavior [ RunTime:0.005000s ]
INFO: [ view_filter ] --END-- [ RunTime:0.005000s ]
INFO: [ app_end ] --START--
INFO: Run Behavior\ShowPageTraceBehavior [ RunTime:0.021002s ]
INFO: [ app_end ] --END-- [ RunTime:0.021002s ]

[ 2017-06-15T09:58:28+08:00 ] 127.0.0.1 /index.php/Home/user/signin
INFO: [ app_init ] --START--
INFO: Run Behavior\BuildLiteBehavior [ RunTime:0.000000s ]
INFO: [ app_init ] --END-- [ RunTime:0.000000s ]
INFO: [ app_begin ] --START--
INFO: Run Behavior\ReadHtmlCacheBehavior [ RunTime:0.000000s ]
INFO: [ app_begin ] --END-- [ RunTime:0.000000s ]
SQL: SHOW COLUMNS FROM `cf_users` [ RunTime:0.0100s ]
SQL: SELECT `user_id`,`password`,`salt`,`visit_count` FROM `cf_users` WHERE ( user_name='hjk' ) LIMIT 1   [ RunTime:0.0010s ]

[ 2017-06-15T09:58:40+08:00 ] 127.0.0.1 /index.php/Home/user/signup
INFO: [ app_init ] --START--
INFO: Run Behavior\BuildLiteBehavior [ RunTime:0.000000s ]
INFO: [ app_init ] --END-- [ RunTime:0.000000s ]
INFO: [ app_begin ] --START--
INFO: Run Behavior\ReadHtmlCacheBehavior [ RunTime:0.000000s ]
INFO: [ app_begin ] --END-- [ RunTime:0.000000s ]
SQL: SHOW COLUMNS FROM `cf_users` [ RunTime:0.0040s ]
SQL: SELECT COUNT(*) AS tp_count FROM `cf_users` WHERE ( user_name='ghf123' ) LIMIT 1   [ RunTime:0.0010s ]
SQL: INSERT INTO `cf_users` (`salt`,`user_name`,`password`,`last_ip`,`visit_count`,`reg_time`,`last_time`) VALUES ('84555','ghf123','347b36bcf863ba347cebbbb398db1bff','127.0.0.1','1','2017-06-15 09:58:40','2017-06-15 09:58:40') [ RunTime:0.0000s ]

[ 2017-06-15T09:59:01+08:00 ] 127.0.0.1 /index.php/Home/user/signin
INFO: [ app_init ] --START--
INFO: Run Behavior\BuildLiteBehavior [ RunTime:0.000000s ]
INFO: [ app_init ] --END-- [ RunTime:0.001000s ]
INFO: [ app_begin ] --START--
INFO: Run Behavior\ReadHtmlCacheBehavior [ RunTime:0.001000s ]
INFO: [ app_begin ] --END-- [ RunTime:0.001000s ]
SQL: SHOW COLUMNS FROM `cf_users` [ RunTime:0.0040s ]
SQL: SELECT `user_id`,`password`,`salt`,`visit_count` FROM `cf_users` WHERE ( user_name='ghf123' ) LIMIT 1   [ RunTime:0.0000s ]
SQL: UPDATE `cf_users` SET `salt`='19702',`user_name`='ghf123',`password`='604e271b93f8eca9a2ebeaa3de6e5ea0',`last_ip`='127.0.0.1',`visit_count`='2',`last_time`='2017-06-15 09:59:01' WHERE ( user_id='2' ) [ RunTime:0.0000s ]

