[ 2017-06-16T09:29:47+08:00 ] 127.0.0.1 /index.php/home/apitest/index
INFO: [ app_init ] --START--
INFO: Run Behavior\BuildLiteBehavior [ RunTime:0.000000s ]
INFO: [ app_init ] --END-- [ RunTime:0.004000s ]
INFO: [ app_begin ] --START--
INFO: Run Behavior\ReadHtmlCacheBehavior [ RunTime:0.024001s ]
INFO: [ app_begin ] --END-- [ RunTime:0.024001s ]
NOTIC: [8] Undefined index: server E:\WWW\chufang\API\Common\Util\TpApi.class.php 第 28 行.
NOTIC: [8] Undefined index: model E:\WWW\chufang\API\Common\Util\TpApi.class.php 第 29 行.
INFO: [ view_parse ] --START--
INFO: [ template_filter ] --START--
INFO: Run Behavior\ContentReplaceBehavior [ RunTime:0.004000s ]
INFO: [ template_filter ] --END-- [ RunTime:0.004000s ]
INFO: Run Behavior\ParseTemplateBehavior [ RunTime:0.168009s ]
INFO: [ view_parse ] --END-- [ RunTime:0.168009s ]
INFO: [ view_filter ] --START--
INFO: Run Behavior\WriteHtmlCacheBehavior [ RunTime:0.012001s ]
INFO: [ view_filter ] --END-- [ RunTime:0.012001s ]
INFO: [ app_end ] --START--
INFO: Run Behavior\ShowPageTraceBehavior [ RunTime:0.022001s ]
INFO: [ app_end ] --END-- [ RunTime:0.022001s ]

[ 2017-06-16T09:30:01+08:00 ] 127.0.0.1 /index.php/Home/user/signin
INFO: [ app_init ] --START--
INFO: Run Behavior\BuildLiteBehavior [ RunTime:0.000000s ]
INFO: [ app_init ] --END-- [ RunTime:0.000000s ]
INFO: [ app_begin ] --START--
INFO: Run Behavior\ReadHtmlCacheBehavior [ RunTime:0.000000s ]
INFO: [ app_begin ] --END-- [ RunTime:0.000000s ]
SQL: SHOW COLUMNS FROM `cf_users` [ RunTime:0.0210s ]
SQL: SELECT `user_id`,`password`,`salt`,`visit_count` FROM `cf_users` WHERE ( user_name='lgh' ) LIMIT 1   [ RunTime:0.0010s ]
SQL: UPDATE `cf_users` SET `salt`='12116',`user_name`='lgh',`password`='78d7aa3b15e5baa7577a5722756aa7b2',`last_ip`='127.0.0.1',`visit_count`='4',`last_time`='2017-06-16 09:30:00' WHERE ( user_id='1' ) [ RunTime:0.0010s ]

