[ 2017-06-24T20:46:41+08:00 ] 127.0.0.1 /index.php/home/apitest/index
INFO: [ app_init ] --START--
INFO: Run Behavior\BuildLiteBehavior [ RunTime:0.000000s ]
INFO: [ app_init ] --END-- [ RunTime:0.035002s ]
INFO: [ app_begin ] --START--
INFO: Run Behavior\ReadHtmlCacheBehavior [ RunTime:0.024002s ]
INFO: [ app_begin ] --END-- [ RunTime:0.024002s ]
NOTIC: [8] Undefined index: server E:\WWW\chufang\API\Home\Common\Util\TpApi.class.php 第 28 行.
NOTIC: [8] Undefined index: model E:\WWW\chufang\API\Home\Common\Util\TpApi.class.php 第 29 行.
INFO: [ view_parse ] --START--
INFO: [ template_filter ] --START--
INFO: Run Behavior\ContentReplaceBehavior [ RunTime:0.028001s ]
INFO: [ template_filter ] --END-- [ RunTime:0.028001s ]
INFO: Run Behavior\ParseTemplateBehavior [ RunTime:0.109006s ]
INFO: [ view_parse ] --END-- [ RunTime:0.109006s ]
INFO: [ view_filter ] --START--
INFO: Run Behavior\WriteHtmlCacheBehavior [ RunTime:0.016001s ]
INFO: [ view_filter ] --END-- [ RunTime:0.016001s ]
INFO: [ app_end ] --START--
INFO: Run Behavior\ShowPageTraceBehavior [ RunTime:0.035002s ]
INFO: [ app_end ] --END-- [ RunTime:0.035002s ]

[ 2017-06-24T21:01:41+08:00 ] 127.0.0.1 /index.php/Home/order/order_detail
INFO: [ app_init ] --START--
INFO: Run Behavior\BuildLiteBehavior [ RunTime:0.000000s ]
INFO: [ app_init ] --END-- [ RunTime:0.001000s ]
INFO: [ app_begin ] --START--
INFO: Run Behavior\ReadHtmlCacheBehavior [ RunTime:0.001000s ]
INFO: [ app_begin ] --END-- [ RunTime:0.001000s ]

[ 2017-06-24T21:01:51+08:00 ] 127.0.0.1 /index.php/Home/user/signin
INFO: [ app_init ] --START--
INFO: Run Behavior\BuildLiteBehavior [ RunTime:0.000000s ]
INFO: [ app_init ] --END-- [ RunTime:0.000000s ]
INFO: [ app_begin ] --START--
INFO: Run Behavior\ReadHtmlCacheBehavior [ RunTime:0.000000s ]
INFO: [ app_begin ] --END-- [ RunTime:0.000000s ]
SQL: SHOW COLUMNS FROM `cf_users` [ RunTime:0.0400s ]
SQL: SELECT `user_id`,`password`,`salt`,`visit_count` FROM `cf_users` WHERE ( user_name='lgh' ) LIMIT 1   [ RunTime:0.0010s ]
SQL: UPDATE `cf_users` SET `salt`='57120',`user_name`='lgh',`password`='6325397ee87fe29ecb1f0b38195653df',`last_ip`='127.0.0.1',`visit_count`='87',`last_time`='2017-06-24 21:01:51' WHERE ( user_id='1' ) [ RunTime:0.0010s ]

[ 2017-06-24T21:01:56+08:00 ] 127.0.0.1 /index.php/Home/order/order_detail
INFO: [ app_init ] --START--
INFO: Run Behavior\BuildLiteBehavior [ RunTime:0.000000s ]
INFO: [ app_init ] --END-- [ RunTime:0.001000s ]
INFO: [ app_begin ] --START--
INFO: Run Behavior\ReadHtmlCacheBehavior [ RunTime:0.001000s ]
INFO: [ app_begin ] --END-- [ RunTime:0.001000s ]
NOTIC: [8] A session had already been started - ignoring session_start() E:\WWW\chufang\API\Home\Controller\BaseController.class.php 第 55 行.
SQL: SHOW COLUMNS FROM `cf_order_images` [ RunTime:0.0640s ]
SQL: SELECT `img_url` FROM `cf_order_images` WHERE ( order_id='2' )  [ RunTime:0.0050s ]
SQL: SHOW COLUMNS FROM `cf_order_info` [ RunTime:0.0160s ]
SQL: SELECT oi.consulting_fee,oi.diagnosis,oi.remark,s.shipping_name FROM cf_order_info as oi INNER JOIN cf_shipping as s on(oi.shipping_id=s.shipping_id)  WHERE ( oi.order_id='2' )  [ RunTime:0.0610s ]
SQL: SHOW COLUMNS FROM `cf_order_goods` [ RunTime:0.0060s ]
SQL: SELECT ot.*,og.* FROM cf_order_goods as og INNER JOIN cf_order_type as ot on(og.type_id=ot.type_id)  WHERE ( ot.order_id='2' )  [ RunTime:0.0000s ]

[ 2017-06-24T21:06:22+08:00 ] 127.0.0.1 /index.php/Home/order/order_detail
INFO: [ app_init ] --START--
INFO: Run Behavior\BuildLiteBehavior [ RunTime:0.000000s ]
INFO: [ app_init ] --END-- [ RunTime:0.001000s ]
INFO: [ app_begin ] --START--
INFO: Run Behavior\ReadHtmlCacheBehavior [ RunTime:0.000000s ]
INFO: [ app_begin ] --END-- [ RunTime:0.000000s ]
NOTIC: [8] A session had already been started - ignoring session_start() E:\WWW\chufang\API\Home\Controller\BaseController.class.php 第 55 行.
SQL: SHOW COLUMNS FROM `cf_order_images` [ RunTime:0.0050s ]
SQL: SELECT `img_url` FROM `cf_order_images` WHERE ( order_id='2' )  [ RunTime:0.0010s ]
SQL: SHOW COLUMNS FROM `cf_order_info` [ RunTime:0.0050s ]
SQL: SELECT oi.consulting_fee,oi.diagnosis,oi.remark,s.shipping_name FROM cf_order_info as oi INNER JOIN cf_shipping as s on(oi.shipping_id=s.shipping_id)  WHERE ( oi.order_id='2' )  [ RunTime:0.0000s ]
SQL: SHOW COLUMNS FROM `cf_order_goods` [ RunTime:0.0040s ]
SQL: SELECT ot.*,og.* FROM cf_order_goods as og INNER JOIN cf_order_type as ot on(og.type_id=ot.type_id)  WHERE ( ot.order_id='2' )  [ RunTime:0.0000s ]

[ 2017-06-24T21:11:23+08:00 ] 127.0.0.1 /index.php/Home/order/order_detail
INFO: [ app_init ] --START--
INFO: Run Behavior\BuildLiteBehavior [ RunTime:0.000000s ]
INFO: [ app_init ] --END-- [ RunTime:0.001000s ]
INFO: [ app_begin ] --START--
INFO: Run Behavior\ReadHtmlCacheBehavior [ RunTime:0.001000s ]
INFO: [ app_begin ] --END-- [ RunTime:0.001000s ]
NOTIC: [8] A session had already been started - ignoring session_start() E:\WWW\chufang\API\Home\Controller\BaseController.class.php 第 55 行.
SQL: SHOW COLUMNS FROM `cf_order_images` [ RunTime:0.0060s ]
SQL: SELECT `img_url` FROM `cf_order_images` WHERE ( order_id='2' )  [ RunTime:0.0000s ]
SQL: SHOW COLUMNS FROM `cf_order_info` [ RunTime:0.0050s ]
SQL: SELECT oi.consulting_fee,oi.diagnosis,oi.remark,s.shipping_name FROM cf_order_info as oi INNER JOIN cf_shipping as s on(oi.shipping_id=s.shipping_id)  WHERE ( oi.order_id='2' )  [ RunTime:0.0000s ]
SQL: SHOW COLUMNS FROM `cf_order_goods` [ RunTime:0.0060s ]
SQL: SELECT ot.*,og.* FROM cf_order_goods as og INNER JOIN cf_order_type as ot on(og.type_id=ot.type_id)  WHERE ( ot.order_id='2' )  [ RunTime:0.0010s ]

[ 2017-06-24T21:25:53+08:00 ] 127.0.0.1 /index.php/Home/order/order_detail
INFO: [ app_init ] --START--
INFO: Run Behavior\BuildLiteBehavior [ RunTime:0.000000s ]
INFO: [ app_init ] --END-- [ RunTime:0.001000s ]
INFO: [ app_begin ] --START--
INFO: Run Behavior\ReadHtmlCacheBehavior [ RunTime:0.001000s ]
INFO: [ app_begin ] --END-- [ RunTime:0.001000s ]
NOTIC: [8] A session had already been started - ignoring session_start() E:\WWW\chufang\API\Home\Controller\BaseController.class.php 第 55 行.
SQL: SHOW COLUMNS FROM `cf_order_images` [ RunTime:0.0060s ]
SQL: SELECT `img_url` FROM `cf_order_images` WHERE ( order_id='2' )  [ RunTime:0.0010s ]
SQL: SHOW COLUMNS FROM `cf_order_info` [ RunTime:0.0050s ]
SQL: SELECT oi.consulting_fee,oi.diagnosis,oi.remark,s.shipping_name FROM cf_order_info as oi INNER JOIN cf_shipping as s on(oi.shipping_id=s.shipping_id)  WHERE ( oi.order_id='2' )  [ RunTime:0.0010s ]
SQL: SHOW COLUMNS FROM `cf_order_goods` [ RunTime:0.0060s ]
SQL: SELECT ot.*,og.* FROM cf_order_goods as og INNER JOIN cf_order_type as ot on(og.type_id=ot.type_id)  WHERE ( ot.order_id='2' )  [ RunTime:0.0010s ]

[ 2017-06-24T21:26:17+08:00 ] 127.0.0.1 /index.php/Home/order/order_detail
INFO: [ app_init ] --START--
INFO: Run Behavior\BuildLiteBehavior [ RunTime:0.000000s ]
INFO: [ app_init ] --END-- [ RunTime:0.000000s ]
INFO: [ app_begin ] --START--
INFO: Run Behavior\ReadHtmlCacheBehavior [ RunTime:0.001000s ]
INFO: [ app_begin ] --END-- [ RunTime:0.001000s ]
NOTIC: [8] A session had already been started - ignoring session_start() E:\WWW\chufang\API\Home\Controller\BaseController.class.php 第 55 行.
SQL: SHOW COLUMNS FROM `cf_order_images` [ RunTime:0.0070s ]
SQL: SELECT `img_url` FROM `cf_order_images` WHERE ( order_id='2' )  [ RunTime:0.0000s ]
SQL: SHOW COLUMNS FROM `cf_order_info` [ RunTime:0.0110s ]
SQL: SELECT oi.consulting_fee,oi.diagnosis,oi.remark,s.shipping_name FROM cf_order_info as oi INNER JOIN cf_shipping as s on(oi.shipping_id=s.shipping_id)  WHERE ( oi.order_id='2' )  [ RunTime:0.0010s ]
SQL: SHOW COLUMNS FROM `cf_order_goods` [ RunTime:0.0090s ]
SQL: SELECT ot.*,og.* FROM cf_order_goods as og INNER JOIN cf_order_type as ot on(og.type_id=ot.type_id)  WHERE ( ot.order_id='2' )  [ RunTime:0.0010s ]

[ 2017-06-24T21:41:09+08:00 ] 127.0.0.1 /index.php/Home/order/order_detail
INFO: [ app_init ] --START--
INFO: Run Behavior\BuildLiteBehavior [ RunTime:0.000000s ]
INFO: [ app_init ] --END-- [ RunTime:0.000000s ]
INFO: [ app_begin ] --START--
INFO: Run Behavior\ReadHtmlCacheBehavior [ RunTime:0.001000s ]
INFO: [ app_begin ] --END-- [ RunTime:0.001000s ]
NOTIC: [8] A session had already been started - ignoring session_start() E:\WWW\chufang\API\Home\Controller\BaseController.class.php 第 55 行.
SQL: SHOW COLUMNS FROM `cf_order_images` [ RunTime:0.0050s ]
SQL: SELECT `img_url` FROM `cf_order_images` WHERE ( order_id='2' )  [ RunTime:0.0000s ]
SQL: SHOW COLUMNS FROM `cf_order_info` [ RunTime:0.0050s ]
SQL: SELECT oi.consulting_fee,oi.diagnosis,oi.remark,s.shipping_name FROM cf_order_info as oi INNER JOIN cf_shipping as s on(oi.shipping_id=s.shipping_id)  WHERE ( oi.order_id='2' )  [ RunTime:0.0000s ]
SQL: SHOW COLUMNS FROM `cf_order_goods` [ RunTime:0.0050s ]
SQL: SELECT ot.*,og.* FROM cf_order_goods as og INNER JOIN cf_order_type as ot on(og.type_id=ot.type_id)  WHERE ( ot.order_id='2' )  [ RunTime:0.0010s ]

[ 2017-06-24T21:41:37+08:00 ] 127.0.0.1 /index.php/Home/order/order_detail
INFO: [ app_init ] --START--
INFO: Run Behavior\BuildLiteBehavior [ RunTime:0.000000s ]
INFO: [ app_init ] --END-- [ RunTime:0.000000s ]
INFO: [ app_begin ] --START--
INFO: Run Behavior\ReadHtmlCacheBehavior [ RunTime:0.001000s ]
INFO: [ app_begin ] --END-- [ RunTime:0.001000s ]
NOTIC: [8] A session had already been started - ignoring session_start() E:\WWW\chufang\API\Home\Controller\BaseController.class.php 第 55 行.
SQL: SHOW COLUMNS FROM `cf_order_images` [ RunTime:0.0080s ]
SQL: SELECT `img_url` FROM `cf_order_images` WHERE ( order_id='2' )  [ RunTime:0.0010s ]
SQL: SHOW COLUMNS FROM `cf_order_info` [ RunTime:0.0070s ]
SQL: SELECT oi.consulting_fee,oi.diagnosis,oi.remark,s.shipping_name FROM cf_order_info as oi INNER JOIN cf_shipping as s on(oi.shipping_id=s.shipping_id)  WHERE ( oi.order_id='2' )  [ RunTime:0.0010s ]
SQL: SHOW COLUMNS FROM `cf_order_goods` [ RunTime:0.0090s ]
SQL: SELECT ot.*,og.* FROM cf_order_goods as og INNER JOIN cf_order_type as ot on(og.type_id=ot.type_id)  WHERE ( ot.order_id='2' )  [ RunTime:0.0010s ]

[ 2017-06-24T22:25:50+08:00 ] 127.0.0.1 /index.php/Home/order/order_detail
INFO: [ app_init ] --START--
INFO: Run Behavior\BuildLiteBehavior [ RunTime:0.000000s ]
INFO: [ app_init ] --END-- [ RunTime:0.000000s ]
INFO: [ app_begin ] --START--
INFO: Run Behavior\ReadHtmlCacheBehavior [ RunTime:0.000000s ]
INFO: [ app_begin ] --END-- [ RunTime:0.000000s ]
NOTIC: [8] A session had already been started - ignoring session_start() E:\WWW\chufang\API\Home\Controller\BaseController.class.php 第 55 行.
SQL: SHOW COLUMNS FROM `cf_order_images` [ RunTime:0.0060s ]
SQL: SELECT `img_url` FROM `cf_order_images` WHERE ( order_id='2' )  [ RunTime:0.0000s ]
SQL: SHOW COLUMNS FROM `cf_order_info` [ RunTime:0.0060s ]
SQL: SELECT oi.consulting_fee,oi.diagnosis,oi.remark,s.shipping_name FROM cf_order_info as oi INNER JOIN cf_shipping as s on(oi.shipping_id=s.shipping_id)  WHERE ( oi.order_id='2' )  [ RunTime:0.0000s ]
SQL: SHOW COLUMNS FROM `cf_order_goods` [ RunTime:0.0060s ]
SQL: SELECT ot.*,og.* FROM cf_order_goods as og INNER JOIN cf_order_type as ot on(og.type_id=ot.type_id)  WHERE ( ot.order_id='2' )  [ RunTime:0.0010s ]

[ 2017-06-24T22:27:25+08:00 ] 127.0.0.1 /index.php/Home/order/order_detail
INFO: [ app_init ] --START--
INFO: Run Behavior\BuildLiteBehavior [ RunTime:0.000000s ]
INFO: [ app_init ] --END-- [ RunTime:0.000000s ]
INFO: [ app_begin ] --START--
INFO: Run Behavior\ReadHtmlCacheBehavior [ RunTime:0.000000s ]
INFO: [ app_begin ] --END-- [ RunTime:0.000000s ]
NOTIC: [8] A session had already been started - ignoring session_start() E:\WWW\chufang\API\Home\Controller\BaseController.class.php 第 55 行.
SQL: SHOW COLUMNS FROM `cf_order_images` [ RunTime:0.0060s ]
SQL: SELECT `img_url` FROM `cf_order_images` WHERE ( order_id='2' )  [ RunTime:0.0010s ]
SQL: SHOW COLUMNS FROM `cf_order_info` [ RunTime:0.0090s ]
SQL: SELECT oi.consulting_fee,oi.diagnosis,oi.remark,s.shipping_name FROM cf_order_info as oi INNER JOIN cf_shipping as s on(oi.shipping_id=s.shipping_id)  WHERE ( oi.order_id='2' )  [ RunTime:0.0000s ]
SQL: SHOW COLUMNS FROM `cf_order_goods` [ RunTime:0.0050s ]
SQL: SELECT ot.*,og.* FROM cf_order_goods as og INNER JOIN cf_order_type as ot on(og.type_id=ot.type_id)  WHERE ( ot.order_id='2' )  [ RunTime:0.0010s ]

[ 2017-06-24T22:29:35+08:00 ] 127.0.0.1 /index.php/Home/order/order_detail
INFO: [ app_init ] --START--
INFO: Run Behavior\BuildLiteBehavior [ RunTime:0.000000s ]
INFO: [ app_init ] --END-- [ RunTime:0.000000s ]
INFO: [ app_begin ] --START--
INFO: Run Behavior\ReadHtmlCacheBehavior [ RunTime:0.000000s ]
INFO: [ app_begin ] --END-- [ RunTime:0.000000s ]
NOTIC: [8] A session had already been started - ignoring session_start() E:\WWW\chufang\API\Home\Controller\BaseController.class.php 第 55 行.
SQL: SHOW COLUMNS FROM `cf_order_images` [ RunTime:0.0070s ]
SQL: SELECT `img_url` FROM `cf_order_images` WHERE ( order_id='2' )  [ RunTime:0.0010s ]
SQL: SHOW COLUMNS FROM `cf_order_info` [ RunTime:0.0050s ]
SQL: SELECT oi.consulting_fee,oi.diagnosis,oi.remark,s.shipping_name FROM cf_order_info as oi INNER JOIN cf_shipping as s on(oi.shipping_id=s.shipping_id)  WHERE ( oi.order_id='2' )  [ RunTime:0.0000s ]
SQL: SHOW COLUMNS FROM `cf_order_goods` [ RunTime:0.0050s ]
SQL: SELECT ot.*,og.* FROM cf_order_goods as og INNER JOIN cf_order_type as ot on(og.type_id=ot.type_id)  WHERE ( ot.order_id='2' )  [ RunTime:0.0010s ]

[ 2017-06-24T22:41:47+08:00 ] 127.0.0.1 /index.php/Home/order/order_detail
INFO: [ app_init ] --START--
INFO: Run Behavior\BuildLiteBehavior [ RunTime:0.000000s ]
INFO: [ app_init ] --END-- [ RunTime:0.001000s ]
INFO: [ app_begin ] --START--
INFO: Run Behavior\ReadHtmlCacheBehavior [ RunTime:0.001000s ]
INFO: [ app_begin ] --END-- [ RunTime:0.001000s ]
NOTIC: [8] A session had already been started - ignoring session_start() E:\WWW\chufang\API\Home\Controller\BaseController.class.php 第 55 行.
SQL: SHOW COLUMNS FROM `cf_order_images` [ RunTime:0.0050s ]
SQL: SELECT `img_url` FROM `cf_order_images` WHERE ( order_id='2' )  [ RunTime:0.0000s ]
SQL: SHOW COLUMNS FROM `cf_order_info` [ RunTime:0.0050s ]
SQL: SELECT oi.consulting_fee,oi.diagnosis,oi.remark,s.shipping_name FROM cf_order_info as oi INNER JOIN cf_shipping as s on(oi.shipping_id=s.shipping_id)  WHERE ( oi.order_id='2' )  [ RunTime:0.0000s ]
SQL: SHOW COLUMNS FROM `cf_order_goods` [ RunTime:0.0060s ]
SQL: SELECT ot.*,og.* FROM cf_order_goods as og INNER JOIN cf_order_type as ot on(og.type_id=ot.type_id)  WHERE ( ot.order_id='2' )  [ RunTime:0.0000s ]
NOTIC: [8] Undefined index: type_name E:\WWW\chufang\API\Home\Controller\OrderController.class.php 第 136 行.
NOTIC: [8] Undefined index: type_name E:\WWW\chufang\API\Home\Controller\OrderController.class.php 第 136 行.
NOTIC: [8] Undefined index: type_name E:\WWW\chufang\API\Home\Controller\OrderController.class.php 第 136 行.
NOTIC: [8] Undefined index: type_name E:\WWW\chufang\API\Home\Controller\OrderController.class.php 第 136 行.

[ 2017-06-24T22:42:18+08:00 ] 127.0.0.1 /index.php/Home/order/order_detail
INFO: [ app_init ] --START--
INFO: Run Behavior\BuildLiteBehavior [ RunTime:0.000000s ]
INFO: [ app_init ] --END-- [ RunTime:0.000000s ]
INFO: [ app_begin ] --START--
INFO: Run Behavior\ReadHtmlCacheBehavior [ RunTime:0.000000s ]
INFO: [ app_begin ] --END-- [ RunTime:0.000000s ]
NOTIC: [8] A session had already been started - ignoring session_start() E:\WWW\chufang\API\Home\Controller\BaseController.class.php 第 55 行.
SQL: SHOW COLUMNS FROM `cf_order_images` [ RunTime:0.0090s ]
SQL: SELECT `img_url` FROM `cf_order_images` WHERE ( order_id='2' )  [ RunTime:0.0010s ]
SQL: SHOW COLUMNS FROM `cf_order_info` [ RunTime:0.0080s ]
SQL: SELECT oi.consulting_fee,oi.diagnosis,oi.remark,s.shipping_name FROM cf_order_info as oi INNER JOIN cf_shipping as s on(oi.shipping_id=s.shipping_id)  WHERE ( oi.order_id='2' )  [ RunTime:0.0020s ]
SQL: SHOW COLUMNS FROM `cf_order_goods` [ RunTime:0.0070s ]
SQL: SELECT ot.*,og.* FROM cf_order_goods as og INNER JOIN cf_order_type as ot on(og.type_id=ot.type_id)  WHERE ( ot.order_id='2' )  [ RunTime:0.0010s ]

[ 2017-06-24T22:42:25+08:00 ] 127.0.0.1 /index.php/Home/order/order_detail
INFO: [ app_init ] --START--
INFO: Run Behavior\BuildLiteBehavior [ RunTime:0.000000s ]
INFO: [ app_init ] --END-- [ RunTime:0.001000s ]
INFO: [ app_begin ] --START--
INFO: Run Behavior\ReadHtmlCacheBehavior [ RunTime:0.001000s ]
INFO: [ app_begin ] --END-- [ RunTime:0.001000s ]
NOTIC: [8] A session had already been started - ignoring session_start() E:\WWW\chufang\API\Home\Controller\BaseController.class.php 第 55 行.
SQL: SHOW COLUMNS FROM `cf_order_images` [ RunTime:0.0090s ]
SQL: SELECT `img_url` FROM `cf_order_images` WHERE ( order_id='2' )  [ RunTime:0.0010s ]
SQL: SHOW COLUMNS FROM `cf_order_info` [ RunTime:0.0080s ]
SQL: SELECT oi.consulting_fee,oi.diagnosis,oi.remark,s.shipping_name FROM cf_order_info as oi INNER JOIN cf_shipping as s on(oi.shipping_id=s.shipping_id)  WHERE ( oi.order_id='2' )  [ RunTime:0.0000s ]
SQL: SHOW COLUMNS FROM `cf_order_goods` [ RunTime:0.0060s ]
SQL: SELECT ot.*,og.* FROM cf_order_goods as og INNER JOIN cf_order_type as ot on(og.type_id=ot.type_id)  WHERE ( ot.order_id='2' )  [ RunTime:0.0000s ]

[ 2017-06-24T22:43:05+08:00 ] 127.0.0.1 /index.php/Home/order/order_detail
INFO: [ app_init ] --START--
INFO: Run Behavior\BuildLiteBehavior [ RunTime:0.000000s ]
INFO: [ app_init ] --END-- [ RunTime:0.001000s ]
INFO: [ app_begin ] --START--
INFO: Run Behavior\ReadHtmlCacheBehavior [ RunTime:0.001000s ]
INFO: [ app_begin ] --END-- [ RunTime:0.001000s ]
NOTIC: [8] A session had already been started - ignoring session_start() E:\WWW\chufang\API\Home\Controller\BaseController.class.php 第 55 行.
SQL: SHOW COLUMNS FROM `cf_order_images` [ RunTime:0.0060s ]
SQL: SELECT `img_url` FROM `cf_order_images` WHERE ( order_id='2' )  [ RunTime:0.0010s ]
SQL: SHOW COLUMNS FROM `cf_order_info` [ RunTime:0.0070s ]
SQL: SELECT oi.consulting_fee,oi.diagnosis,oi.remark,s.shipping_name FROM cf_order_info as oi INNER JOIN cf_shipping as s on(oi.shipping_id=s.shipping_id)  WHERE ( oi.order_id='2' )  [ RunTime:0.0000s ]
SQL: SHOW COLUMNS FROM `cf_order_goods` [ RunTime:0.0060s ]
SQL: SELECT ot.*,og.* FROM cf_order_goods as og INNER JOIN cf_order_type as ot on(og.type_id=ot.type_id)  WHERE ( ot.order_id='2' )  [ RunTime:0.0000s ]

[ 2017-06-24T22:47:21+08:00 ] 127.0.0.1 /index.php/Home/order/order_detail
INFO: [ app_init ] --START--
INFO: Run Behavior\BuildLiteBehavior [ RunTime:0.000000s ]
INFO: [ app_init ] --END-- [ RunTime:0.000000s ]
INFO: [ app_begin ] --START--
INFO: Run Behavior\ReadHtmlCacheBehavior [ RunTime:0.001000s ]
INFO: [ app_begin ] --END-- [ RunTime:0.001000s ]
NOTIC: [8] A session had already been started - ignoring session_start() E:\WWW\chufang\API\Home\Controller\BaseController.class.php 第 55 行.
SQL: SHOW COLUMNS FROM `cf_order_images` [ RunTime:0.0110s ]
SQL: SELECT `img_url` FROM `cf_order_images` WHERE ( order_id='2' )  [ RunTime:0.0010s ]
SQL: SHOW COLUMNS FROM `cf_order_info` [ RunTime:0.0090s ]
SQL: SELECT oi.consulting_fee,oi.diagnosis,oi.remark,s.shipping_name FROM cf_order_info as oi INNER JOIN cf_shipping as s on(oi.shipping_id=s.shipping_id)  WHERE ( oi.order_id='2' )  [ RunTime:0.0010s ]
SQL: SHOW COLUMNS FROM `cf_order_goods` [ RunTime:0.0060s ]
SQL: SELECT ot.*,og.* FROM cf_order_goods as og INNER JOIN cf_order_type as ot on(og.type_id=ot.type_id)  WHERE ( ot.order_id='2' )  [ RunTime:0.0010s ]

[ 2017-06-24T22:47:58+08:00 ] 127.0.0.1 /index.php/Home/order/order_detail
INFO: [ app_init ] --START--
INFO: Run Behavior\BuildLiteBehavior [ RunTime:0.000000s ]
INFO: [ app_init ] --END-- [ RunTime:0.000000s ]
INFO: [ app_begin ] --START--
INFO: Run Behavior\ReadHtmlCacheBehavior [ RunTime:0.002000s ]
INFO: [ app_begin ] --END-- [ RunTime:0.002000s ]
NOTIC: [8] A session had already been started - ignoring session_start() E:\WWW\chufang\API\Home\Controller\BaseController.class.php 第 55 行.
SQL: SHOW COLUMNS FROM `cf_order_images` [ RunTime:0.0090s ]
SQL: SELECT `img_url` FROM `cf_order_images` WHERE ( order_id='2' )  [ RunTime:0.0010s ]
SQL: SHOW COLUMNS FROM `cf_order_info` [ RunTime:0.0080s ]
SQL: SELECT oi.consulting_fee,oi.diagnosis,oi.remark,s.shipping_name FROM cf_order_info as oi INNER JOIN cf_shipping as s on(oi.shipping_id=s.shipping_id)  WHERE ( oi.order_id='2' )  [ RunTime:0.0010s ]
SQL: SHOW COLUMNS FROM `cf_order_goods` [ RunTime:0.0080s ]
SQL: SELECT ot.*,og.* FROM cf_order_goods as og INNER JOIN cf_order_type as ot on(og.type_id=ot.type_id)  WHERE ( ot.order_id='2' )  [ RunTime:0.0010s ]

[ 2017-06-24T22:49:48+08:00 ] 127.0.0.1 /index.php/Home/order/order_detail
INFO: [ app_init ] --START--
INFO: Run Behavior\BuildLiteBehavior [ RunTime:0.000000s ]
INFO: [ app_init ] --END-- [ RunTime:0.000000s ]
INFO: [ app_begin ] --START--
INFO: Run Behavior\ReadHtmlCacheBehavior [ RunTime:0.000000s ]
INFO: [ app_begin ] --END-- [ RunTime:0.000000s ]
NOTIC: [8] A session had already been started - ignoring session_start() E:\WWW\chufang\API\Home\Controller\BaseController.class.php 第 55 行.
SQL: SHOW COLUMNS FROM `cf_order_images` [ RunTime:0.0050s ]
SQL: SELECT `img_url` FROM `cf_order_images` WHERE ( order_id='2' )  [ RunTime:0.0000s ]
SQL: SHOW COLUMNS FROM `cf_order_info` [ RunTime:0.0050s ]
SQL: SELECT oi.consulting_fee,oi.diagnosis,oi.remark,s.shipping_name FROM cf_order_info as oi INNER JOIN cf_shipping as s on(oi.shipping_id=s.shipping_id)  WHERE ( oi.order_id='2' )  [ RunTime:0.0000s ]
SQL: SHOW COLUMNS FROM `cf_order_goods` [ RunTime:0.0050s ]
SQL: SELECT ot.*,og.* FROM cf_order_goods as og INNER JOIN cf_order_type as ot on(og.type_id=ot.type_id)  WHERE ( ot.order_id='2' )  [ RunTime:0.0010s ]

[ 2017-06-24T22:51:39+08:00 ] 127.0.0.1 /index.php/Home/order/order_detail
INFO: [ app_init ] --START--
INFO: Run Behavior\BuildLiteBehavior [ RunTime:0.000000s ]
INFO: [ app_init ] --END-- [ RunTime:0.000000s ]
INFO: [ app_begin ] --START--
INFO: Run Behavior\ReadHtmlCacheBehavior [ RunTime:0.000000s ]
INFO: [ app_begin ] --END-- [ RunTime:0.000000s ]
NOTIC: [8] A session had already been started - ignoring session_start() E:\WWW\chufang\API\Home\Controller\BaseController.class.php 第 55 行.
SQL: SHOW COLUMNS FROM `cf_order_images` [ RunTime:0.0090s ]
SQL: SELECT `img_url` FROM `cf_order_images` WHERE ( order_id='2' )  [ RunTime:0.0010s ]
SQL: SHOW COLUMNS FROM `cf_order_info` [ RunTime:0.0070s ]
SQL: SELECT oi.order_id,oi.consulting_fee,oi.diagnosis,oi.remark,s.shipping_name FROM cf_order_info as oi INNER JOIN cf_shipping as s on(oi.shipping_id=s.shipping_id)  WHERE ( oi.order_id='2' )  [ RunTime:0.0010s ]
SQL: SHOW COLUMNS FROM `cf_order_goods` [ RunTime:0.0050s ]
SQL: SELECT ot.*,og.* FROM cf_order_goods as og INNER JOIN cf_order_type as ot on(og.type_id=ot.type_id)  WHERE ( ot.order_id='2' )  [ RunTime:0.0000s ]

